"C:/Users/chris/Documents/GitHub/Clairvoyance/Clairvoyance/Content/3_UI/2_MULTIPLAYER/FloatingName.uasset" 0
"C:/Users/chris/Documents/GitHub/Clairvoyance/Clairvoyance/Content/3_UI/0_MENUS/Stamina.uasset" 1
"C:/Users/chris/Documents/GitHub/Clairvoyance/Clairvoyance/Content/6_Audio/SFX_hover.uasset" 2
"C:/Users/chris/Documents/GitHub/Clairvoyance/Clairvoyance/Content/6_Audio/SFX_hat.uasset" 3
"C:/Users/chris/Documents/GitHub/Clairvoyance/Clairvoyance/Content/6_Audio/SFX_caca.uasset" 4
"../../../Engine/Content/EditorBlueprintResources/StandardMacros.uasset" 5
"C:/Users/chris/Documents/GitHub/Clairvoyance/Clairvoyance/Content/3_UI/0_MENUS/3_QUIT.uasset" 6
"C:/Users/chris/Documents/GitHub/Clairvoyance/Clairvoyance/Content/3_UI/0_MENUS/2_SETTINGS.uasset" 7
"C:/Users/chris/Documents/GitHub/Clairvoyance/Clairvoyance/Content/3_UI/0_MENUS/1_CONTROLS.uasset" 8
"C:/Users/chris/Documents/GitHub/Clairvoyance/Clairvoyance/Content/3_UI/0_MENUS/0_PAUSE.uasset" 9
"../../../Engine/Content/EngineMaterials/T_Default_Material_Grid_N.uasset" 10
"../../../Engine/Content/EngineMaterials/T_Default_Material_Grid_M.uasset" 11
"../../../Engine/Content/Functions/Engine_MaterialFunctions01/Opacity/CameraDepthFade.uasset" 12
"../../../Engine/Content/EngineMaterials/WorldGridMaterial.uasset" 13
"../../../Engine/Content/BasicShapes/Plane.uasset" 14
"../../../Engine/Content/BasicShapes/BasicShapeMaterial.uasset" 15
"C:/Users/chris/Documents/GitHub/Clairvoyance/Clairvoyance/Content/1_Player/BP_Character.uasset" 16
"C:/Users/chris/Documents/GitHub/Clairvoyance/Clairvoyance/Content/QTE_postprocess.uasset" 17
"C:/Users/chris/Documents/GitHub/Clairvoyance/Clairvoyance/Content/2_Texturas/Objetos/Linterna/Linterna.uasset" 18
"C:/Users/chris/Documents/GitHub/Clairvoyance/Clairvoyance/Content/2_Texturas/Objetos/Linterna/M_Linterna.uasset" 19
"C:/Users/chris/Documents/GitHub/Clairvoyance/Clairvoyance/Content/2_Texturas/UI/cursor/cursorlight.uasset" 20
"C:/Users/chris/Documents/GitHub/Clairvoyance/Clairvoyance/Content/2_Texturas/UI/crosshair.uasset" 21
"C:/Users/chris/Documents/GitHub/Clairvoyance/Clairvoyance/Content/3_UI/0_MENUS/Crosshair.uasset" 22
"C:/Users/chris/Documents/GitHub/Clairvoyance/Clairvoyance/Content/3_UI/Crosshair.uasset" 23
"C:/Users/chris/Documents/GitHub/Clairvoyance/Clairvoyance/Content/3_UI/0_MENUS/PauseMenuUI.uasset" 24
"C:/Users/chris/Documents/GitHub/Clairvoyance/Clairvoyance/Content/3_UI/PauseMenuUI.uasset" 25
"C:/Users/chris/Documents/GitHub/Clairvoyance/Clairvoyance/Content/2_Texturas/UI/loading.uasset" 26
"C:/Users/chris/Documents/GitHub/Clairvoyance/Clairvoyance/Content/3_UI/0_MENUS/00_LOADING.uasset" 27
"C:/Users/chris/Documents/GitHub/Clairvoyance/Clairvoyance/Content/2_Texturas/UI/cursor/cursor.uasset" 28
"C:/Users/chris/Documents/GitHub/Clairvoyance/Clairvoyance/Content/3_UI/1_LOCAL/CURSOR.uasset" 29
"C:/Users/chris/Documents/GitHub/Clairvoyance/Clairvoyance/Content/6_Audio/QTE_normalticking.uasset" 30
"C:/Users/chris/Documents/GitHub/Clairvoyance/Clairvoyance/Content/2_Texturas/UI/Quick_Actions/quickeventcontrast.uasset" 31
"C:/Users/chris/Documents/GitHub/Clairvoyance/Clairvoyance/Content/2_Texturas/UI/Quick_Actions/quickevent.uasset" 32
"C:/Users/chris/Documents/GitHub/Clairvoyance/Clairvoyance/Content/3_UI/1_LOCAL/QTE.uasset" 33
"C:/Users/chris/Documents/GitHub/Clairvoyance/Clairvoyance/Content/3_UI/2_MULTIPLAYER/PlayerHealth.uasset" 34
"../../../Engine/Content/BasicShapes/Cube.uasset" 35
"C:/Users/chris/Documents/GitHub/Clairvoyance/Clairvoyance/Content/4_Levels/1_Mansion/Cuartos/Cuarto_Level_1.uasset" 36
"C:/Users/chris/Documents/GitHub/Clairvoyance/Clairvoyance/Content/5_Interactuables/Objetos/Pickup_BP.uasset" 37
"C:/Users/chris/Documents/GitHub/Clairvoyance/Clairvoyance/Content/5_Interactuables/Objetos/Modelos/Placeholders/lambert1.uasset" 38
"C:/Users/chris/Documents/GitHub/Clairvoyance/Clairvoyance/Content/5_Interactuables/Objetos/Modelos/Placeholders/amulet.uasset" 39
"C:/Users/chris/Documents/GitHub/Clairvoyance/Clairvoyance/Content/5_Interactuables/Objetos/Modelos/Placeholders/billetes.uasset" 40
"C:/Users/chris/Documents/GitHub/Clairvoyance/Clairvoyance/Content/5_Interactuables/Objetos/Modelos/Placeholders/caja_de_cerillos.uasset" 41
"C:/Users/chris/Documents/GitHub/Clairvoyance/Clairvoyance/Content/5_Interactuables/Objetos/Modelos/Placeholders/cerillo.uasset" 42
"C:/Users/chris/Documents/GitHub/Clairvoyance/Clairvoyance/Content/5_Interactuables/Objetos/Modelos/Placeholders/door_key.uasset" 43
"C:/Users/chris/Documents/GitHub/Clairvoyance/Clairvoyance/Content/5_Interactuables/Objetos/Modelos/Placeholders/pocketwatch.uasset" 44
"C:/Users/chris/Documents/GitHub/Clairvoyance/Clairvoyance/Content/5_Interactuables/Objetos/Modelos/Placeholders/polaroid.uasset" 45
"C:/Users/chris/Documents/GitHub/Clairvoyance/Clairvoyance/Content/5_Interactuables/Objetos/Modelos/Placeholders/ring.uasset" 46
"C:/Users/chris/Documents/GitHub/Clairvoyance/Clairvoyance/Content/5_Interactuables/Objetos/Modelos/Placeholders/screwdriver.uasset" 47
"C:/Users/chris/Documents/GitHub/Clairvoyance/Clairvoyance/Content/5_Interactuables/Objetos/Modelos/Placeholders/spotlight.uasset" 48
"C:/Users/chris/Documents/GitHub/Clairvoyance/Clairvoyance/Content/5_Interactuables/Objetos/Modelos/Placeholders/talisman.uasset" 49
"C:/Users/chris/Documents/GitHub/Clairvoyance/Clairvoyance/Content/5_Interactuables/Objetos/Modelos/Placeholders/walkie_talkie.uasset" 50
"C:/Users/chris/Documents/GitHub/Clairvoyance/Clairvoyance/Content/6_Audio/AMBIENCE_1.uasset" 51
"C:/Users/chris/Documents/GitHub/Clairvoyance/Clairvoyance/Content/6_Audio/AMBIENCE_3.uasset" 52
"C:/Users/chris/Documents/GitHub/Clairvoyance/Clairvoyance/Content/6_Audio/QTE_hardticking.uasset" 53
"C:/Users/chris/Documents/GitHub/Clairvoyance/Clairvoyance/Content/6_Audio/QTE_lowticking.uasset" 54
"C:/Users/chris/Documents/GitHub/Clairvoyance/Clairvoyance/Content/6_Audio/SFX_STINGER_11.uasset" 55
"../../../Engine/Content/ArtTools/RenderToTexture/Meshes/S_1_Unit_Plane.uasset" 56
"../../../Engine/Content/EngineMaterials/DefaultMaterial.uasset" 57
"../../../Engine/Content/BasicShapes/Cone.uasset" 58
"../../../Engine/Content/BasicShapes/Sphere.uasset" 59
"../../../Engine/Content/EditorLandscapeResources/DataLayer.uasset" 60
"../../../Engine/Content/EditorLandscapeResources/DefaultAlphaTexture.uasset" 61
"../../../Engine/Content/EditorMaterials/MAT_Groups_Toggle.uasset" 62
"../../../Engine/Content/EditorMaterials/MAT_Groups_Visibility.uasset" 63
"../../../Engine/Content/EditorMaterials/PreviewShadowIndicator.uasset" 64
"../../../Engine/Content/EditorMaterials/PreviewShadowIndicatorMaterial.uasset" 65
"../../../Engine/Content/EditorMaterials/MatineeGroups/MAT_ColorTrack.uasset" 66
"../../../Engine/Content/EditorMaterials/MatineeGroups/MAT_Groups_Anim.uasset" 67
"../../../Engine/Content/EditorMaterials/MatineeGroups/MAT_Groups_AudioMaster.uasset" 68
"../../../Engine/Content/EditorMaterials/MatineeGroups/MAT_Groups_Director.uasset" 69
"../../../Engine/Content/EditorMaterials/MatineeGroups/MAT_Groups_Event.uasset" 70
"../../../Engine/Content/EditorMaterials/MatineeGroups/MAT_Groups_Fade.uasset" 71
"../../../Engine/Content/EditorMaterials/MatineeGroups/MAT_Groups_Float.uasset" 72
"../../../Engine/Content/EditorMaterials/MatineeGroups/MAT_Groups_Move.uasset" 73
"../../../Engine/Content/EditorMaterials/MatineeGroups/MAT_Groups_Slomo.uasset" 74
"../../../Engine/Content/EditorMaterials/MatineeGroups/MAT_Groups_Sound.uasset" 75
"../../../Engine/Content/EditorMaterials/MatineeGroups/MAT_Groups_Vector.uasset" 76
"../../../Engine/Content/EditorMaterials/ParticleSystems/PSysThumbnail_NoImage.uasset" 77
"../../../Engine/Content/EditorMaterials/ParticleSystems/PSysThumbnail_OOD.uasset" 78
"../../../Engine/Content/EditorMaterials/Camera/CineMat.uasset" 79
"../../../Engine/Content/EditorMaterials/Camera/MI_CineMat_Rig.uasset" 80
"../../../Engine/Content/EditorMeshes/Camera/SM_CraneRig_Arm.uasset" 81
"../../../Engine/Content/EditorMeshes/Camera/SM_CraneRig_Base.uasset" 82
"../../../Engine/Content/EditorMeshes/Camera/SM_CraneRig_Body.uasset" 83
"../../../Engine/Content/EditorMeshes/Camera/SM_CraneRig_Mount.uasset" 84
"../../../Engine/Content/EditorMeshes/Camera/SM_RailRig_Mount.uasset" 85
"../../../Engine/Content/EditorMeshes/Camera/SM_RailRig_Track.uasset" 86
"../../../Engine/Content/EditorResources/BSPVertex.uasset" 87
"../../../Engine/Content/EditorResources/EmptyActor.uasset" 88
"../../../Engine/Content/EditorResources/S_Actor.uasset" 89
"../../../Engine/Content/EditorResources/S_Note.uasset" 90
"../../../Engine/Content/EditorResources/S_Solver.uasset" 91
"../../../Engine/Content/EditorResources/S_Terrain.uasset" 92
"../../../Engine/Content/EditorResources/S_Trigger.uasset" 93
"../../../Engine/Content/EditorResources/LightIcons/S_LightError.uasset" 94
"../../../Engine/Content/EditorResources/SequenceRecorder/Countdown.uasset" 95
"../../../Engine/Content/EditorResources/SequenceRecorder/RecordingIndicator.uasset" 96
"../../../Engine/Content/EngineDamageTypes/DmgTypeBP_Environmental.uasset" 97
"../../../Engine/Content/EngineDebugMaterials/DebugEditorMaterial.uasset" 98
"../../../Engine/Content/EngineDebugMaterials/DebugMeshMaterial.uasset" 99
"../../../Engine/Content/EngineDebugMaterials/M_SimpleUnlitTranslucent.uasset" 100
"../../../Engine/Content/EngineDebugMaterials/VolumeToRender.uasset" 101
"../../../Engine/Content/Functions/Engine_MaterialFunctions02/Utility/CameraDirectionVector.uasset" 102
"../../../Engine/Content/EngineDebugMaterials/M_VolumeRenderSphereTracePP.uasset" 103
"../../../Engine/Content/Functions/Engine_MaterialFunctions01/Shading/ConvertFromDiffSpec.uasset" 104
"../../../Engine/Content/EngineDebugMaterials/VertexColorMaterial.uasset" 105
"../../../Engine/Content/EngineDebugMaterials/WireframeMaterial.uasset" 106
"../../../Engine/Content/EngineFonts/Faces/RobotoRegular.uasset" 107
"../../../Engine/Content/EngineFonts/Faces/RobotoLight.uasset" 108
"../../../Engine/Content/EngineFonts/Faces/RobotoItalic.uasset" 109
"../../../Engine/Content/EngineFonts/Faces/RobotoBoldItalic.uasset" 110
"../../../Engine/Content/EngineFonts/Faces/RobotoBold.uasset" 111
"../../../Engine/Content/EngineFonts/Faces/DroidSansFallback.uasset" 112
"../../../Engine/Content/EngineFonts/Roboto.uasset" 113
"../../../Engine/Content/EngineMaterials/BaseFlattenNormalMap.uasset" 114
"../../../Engine/Content/EngineMaterials/BaseFlattenGrayscaleMap.uasset" 115
"../../../Engine/Content/EngineMaterials/BaseFlattenEmissiveMap.uasset" 116
"../../../Engine/Content/EngineMaterials/BaseFlattenDiffuseMap.uasset" 117
"../../../Engine/Content/EngineMaterials/BaseFlattenMaterial.uasset" 118
"../../../Engine/Content/EngineMaterials/BlueNoise.uasset" 119
"../../../Engine/Content/EngineMaterials/DefaultBloomKernel.uasset" 120
"../../../Engine/Content/EngineMaterials/DefaultBokeh.uasset" 121
"../../../Engine/Content/EngineMaterials/DefaultDiffuse.uasset" 122
"../../../Engine/Content/EngineMaterials/DefaultDeferredDecalMaterial.uasset" 123
"../../../Engine/Content/EngineMaterials/DefaultLightFunctionMaterial.uasset" 124
"../../../Engine/Content/EngineMaterials/DefaultPhysicalMaterial.uasset" 125
"../../../Engine/Content/Functions/Engine_MaterialFunctions02/Utility/BreakOutFloat2Components.uasset" 126
"../../../Engine/Content/EngineMaterials/DefaultPostProcessMaterial.uasset" 127
"../../../Engine/Content/EngineFonts/RobotoDistanceField.uasset" 128
"../../../Engine/Content/EngineMaterials/DefaultTextMaterialOpaque.uasset" 129
"../../../Engine/Content/EngineMaterials/DefaultWhiteGrid.uasset" 130
"../../../Engine/Content/EngineMaterials/DefaultWhiteGrid_Low.uasset" 131
"../../../Engine/Content/EngineMaterials/EmissiveMeshMaterial.uasset" 132
"../../../Engine/Content/EngineMaterials/GizmoMaterial.uasset" 133
"../../../Engine/Content/EngineMaterials/Good64x64TilingNoiseHighFreq.uasset" 134
"../../../Engine/Content/EngineMaterials/MiniFont.uasset" 135
"../../../Engine/Content/EngineMaterials/InvalidLightmapSettings.uasset" 136
"../../../Engine/Content/EngineMaterials/M_InvalidLightmapSettings.uasset" 137
"../../../Engine/Content/Functions/Engine_MaterialFunctions02/WorldPositionOffset/CameraOffset.uasset" 138
"../../../Engine/Content/EngineMaterials/PhAT_JointLimitMaterial.uasset" 139
"../../../Engine/Content/EngineMaterials/PreintegratedSkinBRDF.uasset" 140
"../../../Engine/Content/EngineMaterials/RemoveSurfaceMaterial.uasset" 141
"../../../Engine/Content/EngineMaterials/WeightMapPlaceholderTexture.uasset" 142
"../../../Engine/Content/EngineResources/WhiteSquareTexture.uasset" 143
"../../../Engine/Content/EngineMaterials/Widget3DPassThrough.uasset" 144
"../../../Engine/Content/EngineMaterials/Widget3DPassThrough_Masked.uasset" 145
"../../../Engine/Content/EngineMaterials/Widget3DPassThrough_Opaque.uasset" 146
"../../../Engine/Content/EngineMaterials/Widget3DPassThrough_Masked_OneSided.uasset" 147
"../../../Engine/Content/EngineMaterials/Widget3DPassThrough_Opaque_OneSided.uasset" 148
"../../../Engine/Content/EngineMaterials/Widget3DPassThrough_Translucent.uasset" 149
"../../../Engine/Content/EngineMaterials/Widget3DPassThrough_Translucent_OneSided.uasset" 150
"../../../Engine/Content/EngineMeshes/Cylinder.uasset" 151
"../../../Engine/Content/EngineMeshes/Sphere.uasset" 152
"../../../Engine/Content/EngineResources/Black.uasset" 153
"../../../Engine/Content/EngineResources/DefaultTextureCube.uasset" 154
"../../../Engine/Content/EngineResources/DefaultVolumeTexture2D.uasset" 155
"../../../Engine/Content/EngineResources/DefaultVolumeTexture.uasset" 156
"../../../Engine/Content/EngineResources/GradientTexture0.uasset" 157
"../../../Engine/Content/EngineSky/VolumetricClouds/T_NoiseShape64.uasset" 158
"../../../Engine/Content/EngineSky/VolumetricClouds/T_VolumeNoiseShape64.uasset" 159
"../../../Engine/Content/EngineSky/VolumetricClouds/T_NoiseErosion.uasset" 160
"../../../Engine/Content/EngineSky/VolumetricClouds/T_VolumeNoiseErosion32.uasset" 161
"../../../Engine/Content/Functions/Engine_MaterialFunctions02/Utility/MakeFloat2.uasset" 162
"../../../Engine/Content/EngineSky/VolumetricClouds/CloudWeatherTexture.uasset" 163
"../../../Engine/Content/EngineSky/VolumetricClouds/CloudGradientTexture.uasset" 164
"../../../Engine/Content/EngineSky/VolumetricClouds/m_SimpleVolumetricCloud.uasset" 165
"../../../Engine/Content/EngineSky/VolumetricClouds/m_SimpleVolumetricCloud_Inst.uasset" 166
"../../../Engine/Content/EngineSounds/Master.uasset" 167
"../../../Engine/Content/Functions/Engine_MaterialFunctions01/Shading/PowerToRoughness.uasset" 168
"../../../Engine/Content/Maps/Templates/Thumbnails/Default.uasset" 169
"../../../Engine/Content/Maps/Templates/Thumbnails/TimeOfDay.uasset" 170
"../../../Engine/Content/Maps/Templates/Thumbnails/VR-Basic.uasset" 171
"../../../Engine/Content/MobileResources/T_MobileControls_texture.uasset" 172
"../../../Engine/Content/MobileResources/T_MobileMenu2.uasset" 173
"../../../Engine/Content/MobileResources/HUD/AnalogHat.uasset" 174
"../../../Engine/Content/MobileResources/HUD/VirtualJoystick_Thumb.uasset" 175
"../../../Engine/Content/MobileResources/HUD/VirtualJoystick_Background.uasset" 176
"../../../Engine/Content/MobileResources/HUD/DefaultVirtualJoysticks.uasset" 177
"../../../Engine/Content/MobileResources/HUD/LeftVirtualJoystickOnly.uasset" 178
"../../../Engine/Content/MobileResources/HUD/MobileHUDButton1_off.uasset" 179
"../../../Engine/Content/MobileResources/HUD/MobileHUDButton1_on.uasset" 180
"../../../Engine/Content/MobileResources/HUD/MobileHUDButton2_off.uasset" 181
"../../../Engine/Content/MobileResources/HUD/MobileHUDButton2_on.uasset" 182
"../../../Engine/Content/MobileResources/HUD/MobileHUDButton3.uasset" 183
"../../../Engine/Content/MobileResources/HUD/MobileHUDButtonFire.uasset" 184
"../../../Engine/Content/MobileResources/HUD/MobileHUDDirectionPad.uasset" 185
"../../../Engine/Content/MobileResources/HUD/MobileHUDDirectionPad2.uasset" 186
"../../../Engine/Content/MobileResources/HUD/MobileHUDDirectionPad3.uasset" 187
"../../../Engine/Content/MobileResources/HUD/MobileHUDDirectionStick.uasset" 188
"../../../Engine/Content/MobileResources/HUD/T_Castle_ThumbstickInner.uasset" 189
"../../../Engine/Content/MobileResources/HUD/T_Castle_ThumbstickOutter.uasset" 190
"../../../Engine/Content/Tutorial/ContentIntroCurve.uasset" 191
"../../../Engine/Content/Tutorial/Basics/LevelEditorAttract.uasset" 192
"../../../Engine/Content/Tutorial/Basics/TutorialAssets/icon_tab_Levels_40x.uasset" 193
"../../../Engine/Content/Tutorial/Basics/LevelEditorOverview.uasset" 194
"../../../Engine/Content/VREditor/TransformGizmo/TranslucentTransformGizmoMaterial.uasset" 195
"../../../Engine/Content/VREditor/LaserPointer/VR_LaserPower_01.uasset" 196
"../../../Engine/Content/VREditor/TransformGizmo/TransformGizmoMaterial.uasset" 197
"../../../Engine/Content/VREditor/TransformGizmo/BoundingBoxCorner.uasset" 198
"../../../Engine/Content/VREditor/TransformGizmo/BoundingBoxEdge.uasset" 199
"../../../Engine/Content/VREditor/TransformGizmo/PlaneTranslationHandle.uasset" 200
"../../../Engine/Content/VREditor/TransformGizmo/Xray.uasset" 201
"../../../Engine/Content/VREditor/TransformGizmo/Main.uasset" 202
"../../../Engine/Content/VREditor/TransformGizmo/SM_Sequencer_Key.uasset" 203
"../../../Engine/Content/VREditor/TransformGizmo/SM_Sequencer_Node.uasset" 204
"../../Plugins/2D/Paper2D/Content/PlaceholderTextures/DummySpriteTexture.uasset" 205
"../../Plugins/2D/Paper2D/Content/DummySprite.uasset" 206
"../../Plugins/2D/Paper2D/Content/DefaultPaperTerrainMaterial.uasset" 207
"../../Plugins/2D/Paper2D/Content/DefaultSpriteMaterial.uasset" 208
"../../Plugins/2D/Paper2D/Content/MaskedUnlitSpriteMaterial.uasset" 209
"../../Plugins/2D/Paper2D/Content/OpaqueUnlitSpriteMaterial.uasset" 210
"../../../Engine/Content/Functions/Engine_MaterialFunctions02/ObjectLocalBounds.uasset" 211
"../../../Engine/Content/Functions/Engine_MaterialFunctions02/Utility/BreakOutFloat3Components.uasset" 212
"../../Plugins/Editor/SpeedTreeImporter/Content/SpeedTree9/UnpackInteger3.uasset" 213
"../../Plugins/Editor/SpeedTreeImporter/Content/SpeedTree9/UnpackDirection.uasset" 214
"../../Plugins/Editor/SpeedTreeImporter/Content/SpeedTree9/game_wind_noise.uasset" 215
"../../../Engine/Content/Functions/Engine_MaterialFunctions02/SafeNormalize.uasset" 216
"../../Plugins/Editor/SpeedTreeImporter/Content/SpeedTree9/SpeedTreeWindMotion.uasset" 217
"../../Plugins/Editor/SpeedTreeImporter/Content/SpeedTree9/SpeedTreeBranchMotion.uasset" 218
"../../../Engine/Content/Functions/Engine_MaterialFunctions02/UVs/BoundingBoxBased_0-1_UVW.uasset" 219
"../../Plugins/Editor/SpeedTreeImporter/Content/SpeedTree9/SpeedTreeWind.uasset" 220
"../../Plugins/Editor/SpeedTreeImporter/Content/SpeedTree9/SpeedTreeBillboard.uasset" 221
"../../../Engine/Content/EngineResources/DefaultTexture.uasset" 222
"../../Plugins/Editor/SpeedTreeImporter/Content/SpeedTree9/SpeedTreeBillboardMaster.uasset" 223
"../../Plugins/Editor/SpeedTreeImporter/Content/SpeedTree9/SpeedTreeCameraFacing.uasset" 224
"../../Plugins/Editor/SpeedTreeImporter/Content/SpeedTree9/SpeedTreeMaster.uasset" 225
"../../../Engine/Content/BasicShapes/Cylinder.uasset" 226
"../../../Engine/Content/ArtTools/RenderToTexture/Materials/Debug/M_Emissive_Color.uasset" 227
"../../Plugins/Lumin/MagicLeapPassableWorld/Content/MagicLeapARPinInfoActor.uasset" 228
"../../../Engine/Content/Functions/Engine_MaterialFunctions02/Utility/MakeFloat3.uasset" 229
"../../../Engine/Content/Functions/Engine_MaterialFunctions02/Utility/BreakOutFloat4Components.uasset" 230
"../../Plugins/Runtime/Oculus/OculusVR/Content/Materials/OculusMR_ChromaKey.uasset" 231
"../../Plugins/Runtime/Oculus/OculusVR/Content/Materials/OculusMR_OpaqueColoredMaterial.uasset" 232
"../../Plugins/Runtime/Oculus/OculusVR/Content/Materials/PokeAHoleMaterial.uasset" 233
"C:/Users/chris/Documents/GitHub/Clairvoyance/Clairvoyance/Content/5_Interactuables/Objetos/Modelos/Placeholders/flashlight.uasset" 234
"C:/Users/chris/Documents/GitHub/Clairvoyance/Clairvoyance/Content/4_Levels/0_MainMenu/menu_level_BuiltData.uasset" 235
"C:/Users/chris/Documents/GitHub/Clairvoyance/Clairvoyance/Content/5_Interactuables/Monitor/unnamed.uasset" 236
"C:/Users/chris/Documents/GitHub/Clairvoyance/Clairvoyance/Content/5_Interactuables/Monitor/lobby_screen.uasset" 237
"C:/Users/chris/Documents/GitHub/Clairvoyance/Clairvoyance/Content/5_Interactuables/Monitor/Monitor.uasset" 238
"C:/Users/chris/Documents/GitHub/Clairvoyance/Clairvoyance/Content/4_Levels/0_MainMenu/menu_level.umap" 239
"C:/Users/chris/Documents/GitHub/Clairvoyance/Clairvoyance/Content/6_Audio/AMBIENCE_2.uasset" 240
"C:/Users/chris/Documents/GitHub/Clairvoyance/Clairvoyance/Content/4_Levels/0_MainMenu/wea_BuiltData.uasset" 241
"C:/Users/chris/Documents/GitHub/Clairvoyance/Clairvoyance/Content/5_Interactuables/Objetos/Flashlight.uasset" 242
"C:/Users/chris/Documents/GitHub/Clairvoyance/Clairvoyance/Content/1_Player/FP_gamemode.uasset" 243
"C:/Users/chris/Documents/GitHub/Clairvoyance/Clairvoyance/Content/4_Levels/0_MainMenu/wea.umap" 244
"C:/Users/chris/Documents/GitHub/Clairvoyance/Clairvoyance/Content/4_Levels/1_Mansion/Mansion_BuiltData.uasset" 245
"C:/Users/chris/Documents/GitHub/Clairvoyance/Clairvoyance/Content/4_Levels/1_Mansion/Mansion.umap" 246
"../../../Engine/Content/Maps/Entry_BuiltData.uasset" 247
"../../../Engine/Content/Maps/Entry.umap" 248
